<?xml version="1.0" encoding="utf-8"?><testsuites name="pytest tests"><testsuite name="pytest" errors="0" failures="0" skipped="0" tests="25" time="7.952" timestamp="2026-02-17T08:33:40.640920+00:00" hostname="agent-env-e6cf504b-5b04-468e-96a7-1fda5191f94c"><testcase classname="backend.tests.test_iteration5_features.TestHealth" name="test_health_endpoint" time="0.224" /><testcase classname="backend.tests.test_iteration5_features.TestPasswordReset" name="test_forgot_password_generates_token" time="0.080" /><testcase classname="backend.tests.test_iteration5_features.TestPasswordReset" name="test_forgot_password_safe_message_nonexistent" time="0.075" /><testcase classname="backend.tests.test_iteration5_features.TestPasswordReset" name="test_reset_password_page_renders" time="0.157" /><testcase classname="backend.tests.test_iteration5_features.TestPasswordReset" name="test_reset_password_with_valid_token" time="0.634" /><testcase classname="backend.tests.test_iteration5_features.TestPasswordReset" name="test_reset_password_rejects_used_token" time="0.798" /><testcase classname="backend.tests.test_iteration5_features.TestPasswordReset" name="test_reset_password_rejects_short_password" time="0.481" /><testcase classname="backend.tests.test_iteration5_features.TestPasswordReset" name="test_login_with_new_password_after_reset" time="0.941" /><testcase classname="backend.tests.test_iteration5_features.TestGoogleOAuth" name="test_google_callback_page_renders" time="0.045" /><testcase classname="backend.tests.test_iteration5_features.TestGoogleOAuth" name="test_google_session_rejects_invalid_session" time="0.179" /><testcase classname="backend.tests.test_iteration5_features.TestAdminFeedbackPagination" name="test_feedback_paginated_response_structure" time="0.052" /><testcase classname="backend.tests.test_iteration5_features.TestAdminFeedbackPagination" name="test_feedback_pagination_limit" time="0.047" /><testcase classname="backend.tests.test_iteration5_features.TestAdminFeedbackPagination" name="test_feedback_filter_by_status" time="0.047" /><testcase classname="backend.tests.test_iteration5_features.TestAdminFeedbackPagination" name="test_feedback_filter_by_category" time="0.265" /><testcase classname="backend.tests.test_iteration5_features.TestAdminDashboard" name="test_admin_dashboard_renders" time="0.080" /><testcase classname="backend.tests.test_iteration5_features.TestSubscriptionPlansPage" name="test_plans_page_renders" time="0.080" /><testcase classname="backend.tests.test_iteration5_features.TestRateLimiting" name="test_register_rate_limit_429" time="1.738" /><testcase classname="backend.tests.test_iteration5_features.TestRateLimiting" name="test_login_rate_limit_behavior" time="0.276" /><testcase classname="backend.tests.test_iteration5_features.TestExistingEndpoints" name="test_login_still_works" time="0.318" /><testcase classname="backend.tests.test_iteration5_features.TestExistingEndpoints" name="test_register_still_works" time="0.322" /><testcase classname="backend.tests.test_iteration5_features.TestExistingEndpoints" name="test_get_me_still_works" time="0.394" /><testcase classname="backend.tests.test_iteration5_features.TestExistingEndpoints" name="test_notepad_crud_still_works" time="0.324" /><testcase classname="backend.tests.test_iteration5_features.TestExistingEndpoints" name="test_feedback_submit_still_works" time="0.047" /><testcase classname="backend.tests.test_iteration5_features.TestExistingEndpoints" name="test_landing_page_still_works" time="0.044" /><testcase classname="backend.tests.test_iteration5_features.TestDatabaseIndexes" name="test_indexes_created_on_startup" time="0.202" /></testsuite></testsuites>