<?xml version="1.0" encoding="utf-8"?><testsuites name="pytest tests"><testsuite name="pytest" errors="0" failures="0" skipped="0" tests="23" time="3.635" timestamp="2026-02-17T08:46:46.828272+00:00" hostname="agent-env-e6cf504b-5b04-468e-96a7-1fda5191f94c"><testcase classname="backend.tests.test_iteration6_collaborative_search_analytics.TestShareNotepad" name="test_share_notepad_with_valid_user" time="0.947" /><testcase classname="backend.tests.test_iteration6_collaborative_search_analytics.TestShareNotepad" name="test_share_notepad_rejects_self_sharing" time="0.052" /><testcase classname="backend.tests.test_iteration6_collaborative_search_analytics.TestShareNotepad" name="test_share_notepad_rejects_non_owner" time="0.047" /><testcase classname="backend.tests.test_iteration6_collaborative_search_analytics.TestShareNotepad" name="test_share_notepad_rejects_nonexistent_email" time="0.108" /><testcase classname="backend.tests.test_iteration6_collaborative_search_analytics.TestShareNotepad" name="test_share_notepad_duplicate_returns_already_has_access" time="0.105" /><testcase classname="backend.tests.test_iteration6_collaborative_search_analytics.TestShareNotepad" name="test_share_notepad_requires_auth" time="0.046" /><testcase classname="backend.tests.test_iteration6_collaborative_search_analytics.TestGetCollaborators" name="test_get_collaborators_as_owner" time="0.085" /><testcase classname="backend.tests.test_iteration6_collaborative_search_analytics.TestGetCollaborators" name="test_get_collaborators_as_collaborator" time="0.110" /><testcase classname="backend.tests.test_iteration6_collaborative_search_analytics.TestSharedNotepads" name="test_get_shared_notepads" time="0.080" /><testcase classname="backend.tests.test_iteration6_collaborative_search_analytics.TestSharedNotepads" name="test_get_shared_notepads_requires_auth" time="0.078" /><testcase classname="backend.tests.test_iteration6_collaborative_search_analytics.TestUnshareNotepad" name="test_remove_collaborator" time="0.253" /><testcase classname="backend.tests.test_iteration6_collaborative_search_analytics.TestNotepadSearch" name="test_search_requires_auth" time="0.053" /><testcase classname="backend.tests.test_iteration6_collaborative_search_analytics.TestNotepadSearch" name="test_search_by_text_query" time="0.078" /><testcase classname="backend.tests.test_iteration6_collaborative_search_analytics.TestNotepadSearch" name="test_search_by_code_prefix" time="0.105" /><testcase classname="backend.tests.test_iteration6_collaborative_search_analytics.TestNotepadSearch" name="test_search_pagination" time="0.569" /><testcase classname="backend.tests.test_iteration6_collaborative_search_analytics.TestNotepadSearch" name="test_search_returns_matching_entries_and_preview" time="0.058" /><testcase classname="backend.tests.test_iteration6_collaborative_search_analytics.TestNotepadSearch" name="test_search_includes_shared_notepads" time="0.061" /><testcase classname="backend.tests.test_iteration6_collaborative_search_analytics.TestAnalytics" name="test_analytics_page_renders" time="0.049" /><testcase classname="backend.tests.test_iteration6_collaborative_search_analytics.TestAnalytics" name="test_analytics_data_returns_correct_structure" time="0.052" /><testcase classname="backend.tests.test_iteration6_collaborative_search_analytics.TestExistingEndpoints" name="test_auth_login_still_works" time="0.280" /><testcase classname="backend.tests.test_iteration6_collaborative_search_analytics.TestExistingEndpoints" name="test_notepad_crud_still_works" time="0.260" /><testcase classname="backend.tests.test_iteration6_collaborative_search_analytics.TestExistingEndpoints" name="test_landing_page_still_works" time="0.053" /><testcase classname="backend.tests.test_iteration6_collaborative_search_analytics.TestExistingEndpoints" name="test_get_user_notepads_still_works" time="0.047" /></testsuite></testsuites>