<?xml version="1.0" encoding="utf-8"?><testsuites name="pytest tests"><testsuite name="pytest" errors="0" failures="0" skipped="0" tests="35" time="7.807" timestamp="2026-02-17T07:44:29.795511+00:00" hostname="agent-env-e6cf504b-5b04-468e-96a7-1fda5191f94c"><testcase classname="backend.tests.test_phase4_features.TestHealth" name="test_health_endpoint" time="0.194" /><testcase classname="backend.tests.test_phase4_features.TestPushToken" name="test_register_push_token_requires_auth" time="0.219" /><testcase classname="backend.tests.test_phase4_features.TestPushToken" name="test_register_push_token_success" time="0.442" /><testcase classname="backend.tests.test_phase4_features.TestPushToken" name="test_register_duplicate_push_token_no_duplicate" time="0.160" /><testcase classname="backend.tests.test_phase4_features.TestPushToken" name="test_remove_push_token_requires_auth" time="0.097" /><testcase classname="backend.tests.test_phase4_features.TestPushToken" name="test_remove_push_token_success" time="0.161" /><testcase classname="backend.tests.test_phase4_features.TestPushToken" name="test_remove_nonexistent_push_token_succeeds" time="0.051" /><testcase classname="backend.tests.test_phase4_features.TestWebhooks" name="test_create_webhook_requires_auth" time="0.088" /><testcase classname="backend.tests.test_phase4_features.TestWebhooks" name="test_create_webhook_success" time="0.051" /><testcase classname="backend.tests.test_phase4_features.TestWebhooks" name="test_create_webhook_with_custom_secret" time="0.051" /><testcase classname="backend.tests.test_phase4_features.TestWebhooks" name="test_list_webhooks_requires_auth" time="0.047" /><testcase classname="backend.tests.test_phase4_features.TestWebhooks" name="test_list_webhooks_success" time="0.050" /><testcase classname="backend.tests.test_phase4_features.TestWebhooks" name="test_delete_webhook_requires_auth" time="0.057" /><testcase classname="backend.tests.test_phase4_features.TestWebhooks" name="test_delete_webhook_success" time="0.092" /><testcase classname="backend.tests.test_phase4_features.TestWebhooks" name="test_delete_nonexistent_webhook_returns_404" time="0.049" /><testcase classname="backend.tests.test_phase4_features.TestExport" name="test_export_as_txt" time="0.592" /><testcase classname="backend.tests.test_phase4_features.TestExport" name="test_export_as_json" time="0.049" /><testcase classname="backend.tests.test_phase4_features.TestExport" name="test_export_as_markdown" time="0.097" /><testcase classname="backend.tests.test_phase4_features.TestExport" name="test_export_default_format_is_txt" time="0.053" /><testcase classname="backend.tests.test_phase4_features.TestExport" name="test_export_nonexistent_notepad_returns_404" time="0.045" /><testcase classname="backend.tests.test_phase4_features.TestExport" name="test_export_empty_notepad" time="0.120" /><testcase classname="backend.tests.test_phase4_features.TestAISummarization" name="test_summarize_notepad_success" time="1.797" /><testcase classname="backend.tests.test_phase4_features.TestAISummarization" name="test_summarize_empty_notepad_returns_400" time="0.168" /><testcase classname="backend.tests.test_phase4_features.TestAISummarization" name="test_summarize_nonexistent_notepad_returns_404" time="0.065" /><testcase classname="backend.tests.test_phase4_features.TestAISummarization" name="test_summarize_with_default_max_length" time="1.314" /><testcase classname="backend.tests.test_phase4_features.TestWebViewPushNotification" name="test_view_notepad_with_owner_loads_correctly" time="0.166" /><testcase classname="backend.tests.test_phase4_features.TestWebhookFiringOnAppend" name="test_append_to_owned_notepad_triggers_webhook" time="0.138" /><testcase classname="backend.tests.test_phase4_features.TestExistingEndpointsStillWork" name="test_register_still_works" time="0.274" /><testcase classname="backend.tests.test_phase4_features.TestExistingEndpointsStillWork" name="test_login_still_works" time="0.282" /><testcase classname="backend.tests.test_phase4_features.TestExistingEndpointsStillWork" name="test_get_me_still_works" time="0.074" /><testcase classname="backend.tests.test_phase4_features.TestExistingEndpointsStillWork" name="test_create_notepad_still_works" time="0.078" /><testcase classname="backend.tests.test_phase4_features.TestExistingEndpointsStillWork" name="test_get_notepad_still_works" time="0.181" /><testcase classname="backend.tests.test_phase4_features.TestExistingEndpointsStillWork" name="test_append_notepad_still_works" time="0.146" /><testcase classname="backend.tests.test_phase4_features.TestExistingEndpointsStillWork" name="test_clear_notepad_still_works" time="0.123" /><testcase classname="backend.tests.test_phase4_features.TestExistingEndpointsStillWork" name="test_landing_page_still_renders" time="0.082" /></testsuite></testsuites>