<?xml version="1.0" encoding="utf-8"?><testsuites name="pytest tests"><testsuite name="pytest" errors="0" failures="0" skipped="0" tests="27" time="6.625" timestamp="2026-02-15T01:54:45.826390+00:00" hostname="agent-env-e6cf504b-5b04-468e-96a7-1fda5191f94c"><testcase classname="tests.test_auth_and_notepad.TestHealth" name="test_health_endpoint" time="0.259" /><testcase classname="tests.test_auth_and_notepad.TestRegistration" name="test_register_new_user_success" time="0.345" /><testcase classname="tests.test_auth_and_notepad.TestRegistration" name="test_register_duplicate_email_rejected" time="0.372" /><testcase classname="tests.test_auth_and_notepad.TestRegistration" name="test_register_short_password_rejected" time="0.085" /><testcase classname="tests.test_auth_and_notepad.TestLogin" name="test_login_success" time="0.379" /><testcase classname="tests.test_auth_and_notepad.TestLogin" name="test_login_wrong_password_returns_401" time="0.315" /><testcase classname="tests.test_auth_and_notepad.TestLogin" name="test_login_nonexistent_email_returns_401" time="0.129" /><testcase classname="tests.test_auth_and_notepad.TestAuthMe" name="test_get_me_with_valid_token" time="0.092" /><testcase classname="tests.test_auth_and_notepad.TestAuthMe" name="test_get_me_without_token_returns_401" time="0.333" /><testcase classname="tests.test_auth_and_notepad.TestAuthMe" name="test_get_me_with_invalid_token_returns_401" time="0.078" /><testcase classname="tests.test_auth_and_notepad.TestProfileUpdate" name="test_update_profile_name" time="0.147" /><testcase classname="tests.test_auth_and_notepad.TestPasswordChange" name="test_change_password_success" time="1.530" /><testcase classname="tests.test_auth_and_notepad.TestPasswordChange" name="test_change_password_wrong_current_rejected" time="0.317" /><testcase classname="tests.test_auth_and_notepad.TestNotepadCreation" name="test_create_notepad_guest" time="0.137" /><testcase classname="tests.test_auth_and_notepad.TestNotepadCreation" name="test_create_notepad_authenticated" time="0.090" /><testcase classname="tests.test_auth_and_notepad.TestUserNotepads" name="test_get_user_notepads" time="0.136" /><testcase classname="tests.test_auth_and_notepad.TestLinkNotepad" name="test_link_guest_notepad_to_user" time="0.205" /><testcase classname="tests.test_auth_and_notepad.TestLinkNotepad" name="test_link_already_linked_notepad_rejected" time="0.121" /><testcase classname="tests.test_auth_and_notepad.TestLinkNotepad" name="test_link_nonexistent_notepad_returns_404" time="0.062" /><testcase classname="tests.test_auth_and_notepad.TestNotepadCRUD" name="test_get_notepad" time="0.119" /><testcase classname="tests.test_auth_and_notepad.TestNotepadCRUD" name="test_get_nonexistent_notepad_returns_404" time="0.072" /><testcase classname="tests.test_auth_and_notepad.TestNotepadCRUD" name="test_append_to_notepad" time="0.070" /><testcase classname="tests.test_auth_and_notepad.TestNotepadCRUD" name="test_clear_notepad" time="0.333" /><testcase classname="tests.test_auth_and_notepad.TestWebPages" name="test_landing_page_renders" time="0.075" /><testcase classname="tests.test_auth_and_notepad.TestWebPages" name="test_notepad_view_page_renders" time="0.229" /><testcase classname="tests.test_auth_and_notepad.TestWebPages" name="test_notepad_view_not_found" time="0.072" /><testcase classname="tests.test_auth_and_notepad.TestExistingUser" name="test_login_existing_user" time="0.293" /></testsuite></testsuites>