<?xml version="1.0" encoding="utf-8"?><testsuites name="pytest tests"><testsuite name="pytest" errors="0" failures="0" skipped="0" tests="20" time="4.238" timestamp="2026-02-15T02:48:35.990951+00:00" hostname="agent-env-e6cf504b-5b04-468e-96a7-1fda5191f94c"><testcase classname="backend.tests.test_bulk_link_features.TestBulkLinkNotepads" name="test_bulk_link_rejects_without_auth" time="0.318" /><testcase classname="backend.tests.test_bulk_link_features.TestBulkLinkNotepads" name="test_bulk_link_handles_nonexistent_codes" time="0.458" /><testcase classname="backend.tests.test_bulk_link_features.TestBulkLinkNotepads" name="test_bulk_link_multiple_guest_notepads" time="0.641" /><testcase classname="backend.tests.test_bulk_link_features.TestBulkLinkNotepads" name="test_bulk_link_skips_already_linked_notepads" time="0.113" /><testcase classname="backend.tests.test_bulk_link_features.TestBulkLinkNotepads" name="test_bulk_link_mixed_codes" time="0.199" /><testcase classname="backend.tests.test_bulk_link_features.TestBulkLinkNotepads" name="test_bulk_link_skips_notepad_belonging_to_another_user" time="0.103" /><testcase classname="backend.tests.test_bulk_link_features.TestBulkLinkNotepads" name="test_bulk_link_empty_array" time="0.049" /><testcase classname="backend.tests.test_bulk_link_features.TestNotepadCreationUserLinking" name="test_guest_notepad_has_null_user_id_and_guest_account_type" time="0.122" /><testcase classname="backend.tests.test_bulk_link_features.TestNotepadCreationUserLinking" name="test_authenticated_notepad_has_user_id_and_user_account_type" time="0.205" /><testcase classname="backend.tests.test_bulk_link_features.TestGetUserNotepads" name="test_get_user_notepads_includes_bulk_linked" time="0.285" /><testcase classname="backend.tests.test_bulk_link_features.TestGetUserNotepads" name="test_get_user_notepads_requires_auth" time="0.082" /><testcase classname="backend.tests.test_bulk_link_features.TestSingleLinkStillWorks" name="test_single_link_notepad_still_works" time="0.132" /><testcase classname="backend.tests.test_bulk_link_features.TestExistingAuthEndpointsStillWork" name="test_register_still_works" time="0.296" /><testcase classname="backend.tests.test_bulk_link_features.TestExistingAuthEndpointsStillWork" name="test_login_still_works" time="0.273" /><testcase classname="backend.tests.test_bulk_link_features.TestExistingAuthEndpointsStillWork" name="test_get_me_still_works" time="0.049" /><testcase classname="backend.tests.test_bulk_link_features.TestExistingNotepadCRUDStillWorks" name="test_get_notepad_still_works" time="0.150" /><testcase classname="backend.tests.test_bulk_link_features.TestExistingNotepadCRUDStillWorks" name="test_append_notepad_still_works" time="0.137" /><testcase classname="backend.tests.test_bulk_link_features.TestExistingNotepadCRUDStillWorks" name="test_clear_notepad_still_works" time="0.215" /><testcase classname="backend.tests.test_bulk_link_features.TestWebPagesStillWork" name="test_landing_page_still_renders" time="0.056" /><testcase classname="backend.tests.test_bulk_link_features.TestWebPagesStillWork" name="test_notepad_view_still_renders" time="0.139" /></testsuite></testsuites>