<?xml version="1.0" encoding="utf-8"?><testsuites name="pytest tests"><testsuite name="pytest" errors="0" failures="4" skipped="0" tests="25" time="6.465" timestamp="2026-02-17T08:32:55.367959+00:00" hostname="agent-env-e6cf504b-5b04-468e-96a7-1fda5191f94c"><testcase classname="backend.tests.test_iteration5_features.TestHealth" name="test_health_endpoint" time="0.194" /><testcase classname="backend.tests.test_iteration5_features.TestPasswordReset" name="test_forgot_password_generates_token" time="0.063" /><testcase classname="backend.tests.test_iteration5_features.TestPasswordReset" name="test_forgot_password_safe_message_nonexistent" time="0.049" /><testcase classname="backend.tests.test_iteration5_features.TestPasswordReset" name="test_reset_password_page_renders" time="0.141" /><testcase classname="backend.tests.test_iteration5_features.TestPasswordReset" name="test_reset_password_with_valid_token" time="0.375"><failure message="assert 429 == 200&#10; +  where 429 = &lt;Response [429]&gt;.status_code">backend/tests/test_iteration5_features.py:143: in test_reset_password_with_valid_token
    assert forgot_response.status_code == 200
E   assert 429 == 200
E    +  where 429 = &lt;Response [429]&gt;.status_code</failure></testcase><testcase classname="backend.tests.test_iteration5_features.TestPasswordReset" name="test_reset_password_rejects_used_token" time="0.438"><failure message="KeyError: 'reset_token'">backend/tests/test_iteration5_features.py:182: in test_reset_password_rejects_used_token
    reset_token = forgot_response.json()["reset_token"]
                  ^^^^^^^^^^^^^^^^^^^^^^^^^^^^^^^^^^^^^
E   KeyError: 'reset_token'</failure></testcase><testcase classname="backend.tests.test_iteration5_features.TestPasswordReset" name="test_reset_password_rejects_short_password" time="0.401"><failure message="KeyError: 'reset_token'">backend/tests/test_iteration5_features.py:222: in test_reset_password_rejects_short_password
    reset_token = forgot_response.json()["reset_token"]
                  ^^^^^^^^^^^^^^^^^^^^^^^^^^^^^^^^^^^^^
E   KeyError: 'reset_token'</failure></testcase><testcase classname="backend.tests.test_iteration5_features.TestPasswordReset" name="test_login_with_new_password_after_reset" time="0.358"><failure message="KeyError: 'reset_token'">backend/tests/test_iteration5_features.py:256: in test_login_with_new_password_after_reset
    reset_token = forgot_response.json()["reset_token"]
                  ^^^^^^^^^^^^^^^^^^^^^^^^^^^^^^^^^^^^^
E   KeyError: 'reset_token'</failure></testcase><testcase classname="backend.tests.test_iteration5_features.TestGoogleOAuth" name="test_google_callback_page_renders" time="0.051" /><testcase classname="backend.tests.test_iteration5_features.TestGoogleOAuth" name="test_google_session_rejects_invalid_session" time="0.157" /><testcase classname="backend.tests.test_iteration5_features.TestAdminFeedbackPagination" name="test_feedback_paginated_response_structure" time="0.048" /><testcase classname="backend.tests.test_iteration5_features.TestAdminFeedbackPagination" name="test_feedback_pagination_limit" time="0.052" /><testcase classname="backend.tests.test_iteration5_features.TestAdminFeedbackPagination" name="test_feedback_filter_by_status" time="0.077" /><testcase classname="backend.tests.test_iteration5_features.TestAdminFeedbackPagination" name="test_feedback_filter_by_category" time="0.132" /><testcase classname="backend.tests.test_iteration5_features.TestAdminDashboard" name="test_admin_dashboard_renders" time="0.092" /><testcase classname="backend.tests.test_iteration5_features.TestSubscriptionPlansPage" name="test_plans_page_renders" time="0.070" /><testcase classname="backend.tests.test_iteration5_features.TestRateLimiting" name="test_register_rate_limit_429" time="1.736" /><testcase classname="backend.tests.test_iteration5_features.TestRateLimiting" name="test_login_rate_limit_behavior" time="0.271" /><testcase classname="backend.tests.test_iteration5_features.TestExistingEndpoints" name="test_login_still_works" time="0.280" /><testcase classname="backend.tests.test_iteration5_features.TestExistingEndpoints" name="test_register_still_works" time="0.274" /><testcase classname="backend.tests.test_iteration5_features.TestExistingEndpoints" name="test_get_me_still_works" time="0.328" /><testcase classname="backend.tests.test_iteration5_features.TestExistingEndpoints" name="test_notepad_crud_still_works" time="0.276" /><testcase classname="backend.tests.test_iteration5_features.TestExistingEndpoints" name="test_feedback_submit_still_works" time="0.062" /><testcase classname="backend.tests.test_iteration5_features.TestExistingEndpoints" name="test_landing_page_still_works" time="0.047" /><testcase classname="backend.tests.test_iteration5_features.TestDatabaseIndexes" name="test_indexes_created_on_startup" time="0.354" /></testsuite></testsuites>