<?xml version="1.0" encoding="utf-8"?><testsuites name="pytest tests"><testsuite name="pytest" errors="0" failures="0" skipped="0" tests="27" time="12.373" timestamp="2026-02-17T08:11:56.436210+00:00" hostname="agent-env-e6cf504b-5b04-468e-96a7-1fda5191f94c"><testcase classname="backend.tests.test_feedback_subscription_features.TestFeedbackSubmission" name="test_submit_feedback_as_guest" time="0.141" /><testcase classname="backend.tests.test_feedback_subscription_features.TestFeedbackSubmission" name="test_submit_feedback_with_auth_captures_user_info" time="0.587" /><testcase classname="backend.tests.test_feedback_subscription_features.TestFeedbackSubmission" name="test_submit_feedback_validates_category" time="0.297" /><testcase classname="backend.tests.test_feedback_subscription_features.TestFeedbackSubmission" name="test_submit_feedback_requires_title" time="0.054" /><testcase classname="backend.tests.test_feedback_subscription_features.TestFeedbackSubmission" name="test_submit_feedback_requires_category" time="0.055" /><testcase classname="backend.tests.test_feedback_subscription_features.TestFeedbackAdmin" name="test_list_all_feedback" time="0.050" /><testcase classname="backend.tests.test_feedback_subscription_features.TestFeedbackAdmin" name="test_list_feedback_filter_by_status" time="0.054" /><testcase classname="backend.tests.test_feedback_subscription_features.TestFeedbackAdmin" name="test_list_feedback_filter_by_category" time="0.052" /><testcase classname="backend.tests.test_feedback_subscription_features.TestFeedbackAdmin" name="test_update_feedback_status" time="0.161" /><testcase classname="backend.tests.test_feedback_subscription_features.TestFeedbackAdmin" name="test_update_nonexistent_feedback_returns_404" time="0.065" /><testcase classname="backend.tests.test_feedback_subscription_features.TestFeedbackAISummarize" name="test_summarize_open_feedback" time="6.259" /><testcase classname="backend.tests.test_feedback_subscription_features.TestSubscriptionPlans" name="test_get_subscription_plans" time="0.134" /><testcase classname="backend.tests.test_feedback_subscription_features.TestSubscriptionCheckout" name="test_checkout_requires_auth" time="0.082" /><testcase classname="backend.tests.test_feedback_subscription_features.TestSubscriptionCheckout" name="test_checkout_pro_plan" time="0.580" /><testcase classname="backend.tests.test_feedback_subscription_features.TestSubscriptionCheckout" name="test_checkout_business_plan" time="0.551" /><testcase classname="backend.tests.test_feedback_subscription_features.TestSubscriptionCheckout" name="test_checkout_invalid_plan" time="0.056" /><testcase classname="backend.tests.test_feedback_subscription_features.TestSubscriptionStatus" name="test_get_subscription_status" time="0.792" /><testcase classname="backend.tests.test_feedback_subscription_features.TestSubscriptionPages" name="test_success_page_renders" time="0.054" /><testcase classname="backend.tests.test_feedback_subscription_features.TestSubscriptionPages" name="test_plans_page_renders" time="0.087" /><testcase classname="backend.tests.test_feedback_subscription_features.TestStripeWebhook" name="test_stripe_webhook_endpoint_exists" time="0.051" /><testcase classname="backend.tests.test_feedback_subscription_features.TestWebViewEnhancements" name="test_view_has_export_buttons" time="0.169" /><testcase classname="backend.tests.test_feedback_subscription_features.TestWebViewEnhancements" name="test_view_has_summarize_button" time="0.082" /><testcase classname="backend.tests.test_feedback_subscription_features.TestExportStillWorks" name="test_export_txt_still_works" time="0.206" /><testcase classname="backend.tests.test_feedback_subscription_features.TestSummarizeStillWorks" name="test_summarize_still_works" time="0.981" /><testcase classname="backend.tests.test_feedback_subscription_features.TestExistingEndpointsStillWork" name="test_auth_login_still_works" time="0.286" /><testcase classname="backend.tests.test_feedback_subscription_features.TestExistingEndpointsStillWork" name="test_notepad_crud_still_works" time="0.330" /><testcase classname="backend.tests.test_feedback_subscription_features.TestExistingEndpointsStillWork" name="test_landing_page_still_works" time="0.052" /></testsuite></testsuites>